Calculating task graph as configuration cache cannot be reused because environment variable 'SHLVL' has changed.
> Task :backend:checkKotlinGradlePluginConfigurationErrors SKIPPED
> Task :backend:processResources NO-SOURCE
> Task :backend:compileKotlin UP-TO-DATE
> Task :backend:compileJava NO-SOURCE
> Task :backend:classes UP-TO-DATE

> Task :backend:run
09:51:54.969 [main] INFO UMKMShopBackend -- Starting UMKMShop Backend (Worker + OAuth) on port 8090
09:51:54.975 [main] INFO io.ktor.server.Application -- Autoreload is disabled because the development mode is off.
09:51:55.059 [main] INFO io.ktor.server.Application -- Application started in 0.276 seconds.
09:51:55.069 [main] DEBUG io.netty.util.internal.logging.InternalLoggerFactory -- Using SLF4J as the default logging framework
09:51:55.083 [main] DEBUG io.netty.util.internal.PlatformDependent0 -- Java version: 17
09:51:55.083 [main] DEBUG io.netty.util.internal.PlatformDependent0 -- -Dio.netty.noUnsafe: false
09:51:55.083 [main] DEBUG io.netty.util.internal.PlatformDependent0 -- Thread.isVirtual() is not available: 
09:51:55.086 [main] DEBUG io.netty.util.internal.PlatformDependent0 -- sun.misc.Unsafe.theUnsafe: available
09:51:55.086 [main] DEBUG io.netty.util.internal.PlatformDependent0 -- sun.misc.Unsafe base methods: all available
09:51:55.087 [main] DEBUG io.netty.util.internal.PlatformDependent0 -- java.nio.Buffer.address: available
09:51:55.087 [main] DEBUG io.netty.util.internal.PlatformDependent0 -- direct buffer constructor: unavailable: Reflective setAccessible(true) disabled
09:51:55.087 [main] DEBUG io.netty.util.internal.PlatformDependent0 -- java.nio.Bits.unaligned: available, true
09:51:55.088 [main] DEBUG io.netty.util.internal.PlatformDependent0 -- jdk.internal.misc.Unsafe.allocateUninitializedArray(int): unavailable: symbolic reference class is not accessible: class jdk.internal.misc.Unsafe, from class io.netty.util.internal.PlatformDependent0 (unnamed module @6a522ee2)
09:51:55.088 [main] DEBUG io.netty.util.internal.PlatformDependent0 -- java.nio.DirectByteBuffer.<init>(long, {int,long}): unavailable
09:51:55.088 [main] DEBUG io.netty.util.internal.PlatformDependent -- sun.misc.Unsafe: available
09:51:55.088 [main] DEBUG io.netty.util.internal.PlatformDependent -- -Dio.netty.tmpdir: /tmp (java.io.tmpdir)
09:51:55.088 [main] DEBUG io.netty.util.internal.PlatformDependent -- -Dio.netty.bitMode: 64 (sun.arch.data.model)
09:51:55.088 [main] DEBUG io.netty.util.internal.PlatformDependent -- -Dio.netty.maxDirectMemory: -1 bytes
09:51:55.089 [main] DEBUG io.netty.util.internal.CleanerJava9 -- java.nio.ByteBuffer.cleaner(): available
09:51:55.090 [main] DEBUG io.netty.util.internal.PlatformDependent -- -Dio.netty.noPreferDirect: false
09:51:55.104 [main] DEBUG io.netty.util.internal.PlatformDependent -- -Dio.netty.jfr.enabled: true
09:51:55.117 [main] DEBUG io.netty.util.internal.NativeLibraryLoader -- -Dio.netty.native.workdir: /tmp (io.netty.tmpdir)
09:51:55.118 [main] DEBUG io.netty.util.internal.NativeLibraryLoader -- -Dio.netty.native.deleteLibAfterLoading: true
09:51:55.118 [main] DEBUG io.netty.util.internal.NativeLibraryLoader -- -Dio.netty.native.tryPatchShadedId: true
09:51:55.118 [main] DEBUG io.netty.util.internal.NativeLibraryLoader -- -Dio.netty.native.detectNativeLibraryDuplicates: true
09:51:55.127 [main] DEBUG io.netty.channel.MultithreadEventLoopGroup -- -Dio.netty.eventLoopThreads: 32
09:51:55.130 [main] DEBUG io.netty.channel.nio.NioIoHandler -- -Dio.netty.noKeySetOptimization: false
09:51:55.130 [main] DEBUG io.netty.channel.nio.NioIoHandler -- -Dio.netty.selectorAutoRebuildThreshold: 512
09:51:55.136 [main] DEBUG io.netty.util.concurrent.GlobalEventExecutor -- -Dio.netty.globalEventExecutor.quietPeriodSeconds: 1
09:51:55.138 [main] DEBUG io.netty.util.internal.InternalThreadLocalMap -- -Dio.netty.threadLocalMap.stringBuilder.initialSize: 1024
09:51:55.139 [main] DEBUG io.netty.util.internal.InternalThreadLocalMap -- -Dio.netty.threadLocalMap.stringBuilder.maxSize: 4096
09:51:55.146 [main] DEBUG io.netty.util.internal.PlatformDependent -- org.jctools-core.MpscChunkedArrayQueue: available
09:51:55.179 [main] DEBUG io.netty.channel.DefaultChannelId -- -Dio.netty.processId: 16342 (auto-detected)
09:51:55.183 [main] DEBUG io.netty.util.NetUtil -- -Djava.net.preferIPv4Stack: false
09:51:55.183 [main] DEBUG io.netty.util.NetUtil -- -Djava.net.preferIPv6Addresses: false
09:51:55.184 [main] DEBUG io.netty.util.NetUtilInitializations -- Loopback interface: lo (lo, 0:0:0:0:0:0:0:1%lo)
09:51:55.185 [main] DEBUG io.netty.util.NetUtil -- /proc/sys/net/core/somaxconn: 4096
09:51:55.186 [main] DEBUG io.netty.channel.DefaultChannelId -- -Dio.netty.machineId: ce:2c:47:ff:fe:50:be:a2 (auto-detected)
09:51:55.193 [main] DEBUG io.netty.util.ResourceLeakDetector -- -Dio.netty.leakDetection.level: simple
09:51:55.193 [main] DEBUG io.netty.util.ResourceLeakDetector -- -Dio.netty.leakDetection.targetRecords: 4
09:51:55.211 [main] DEBUG io.netty.buffer.AdaptiveByteBufAllocator -- -Dio.netty.allocator.useCachedMagazinesForNonEventLoopThreads: false
09:51:55.221 [main] DEBUG io.netty.util.Recycler -- -Dio.netty.recycler.maxCapacityPerThread: 4096
09:51:55.221 [main] DEBUG io.netty.util.Recycler -- -Dio.netty.recycler.ratio: 8
09:51:55.221 [main] DEBUG io.netty.util.Recycler -- -Dio.netty.recycler.chunkSize: 32
09:51:55.221 [main] DEBUG io.netty.util.Recycler -- -Dio.netty.recycler.blocking: false
09:51:55.221 [main] DEBUG io.netty.util.Recycler -- -Dio.netty.recycler.batchFastThreadLocalOnly: true
09:51:55.225 [main] DEBUG io.netty.buffer.ByteBufUtil -- -Dio.netty.allocator.type: adaptive
09:51:55.226 [main] DEBUG io.netty.buffer.ByteBufUtil -- -Dio.netty.threadLocalDirectBufferSize: 0
09:51:55.226 [main] DEBUG io.netty.buffer.ByteBufUtil -- -Dio.netty.maxThreadLocalCharBufferSize: 16384
09:51:55.227 [main] DEBUG io.netty.bootstrap.ChannelInitializerExtensions -- -Dio.netty.bootstrap.extensions: null
09:52:09.637 [eventLoopGroupProxy-3-1] DEBUG io.netty.buffer.AbstractByteBuf -- -Dio.netty.buffer.checkAccessible: true
09:52:09.637 [eventLoopGroupProxy-3-1] DEBUG io.netty.buffer.AbstractByteBuf -- -Dio.netty.buffer.checkBounds: true
09:52:09.637 [eventLoopGroupProxy-3-1] DEBUG io.netty.util.ResourceLeakDetectorFactory -- Loaded default ResourceLeakDetector: io.netty.util.ResourceLeakDetector@208e8300

> Task :backend:run FAILED

FAILURE: Build failed with an exception.

* What went wrong:
Execution failed for task ':backend:run'.
> Process 'command '/home/alvano/.gradle/jdks/eclipse_adoptium-17-amd64-linux.2/bin/java'' finished with non-zero exit value 143 (this value may indicate that the process was terminated with the SIGTERM signal)

* Try:
> Run with --stacktrace option to get the stack trace.
> Run with --info or --debug option to get more log output.
> Run with --scan to get full insights from a Build Scan (powered by Develocity).
> Get more help at https://help.gradle.org.

BUILD FAILED in 23m 35s
2 actionable tasks: 1 executed, 1 up-to-date
Configuration cache entry stored.
